- Plan: 
    Node Type: "Hash Join"
    Parallel Aware: false
    Async Capable: false
    Join Type: "Inner"
    Startup Cost: 24.50
    Total Cost: 60.48
    Plan Rows: 2191
    Plan Width: 1669
    Inner Unique: true
    Hash Cond: "(pv.product_id = p.id)"
    Plans: 
      - Node Type: "Hash Join"
        Parent Relationship: "Outer"
        Parallel Aware: false
        Async Capable: false
        Join Type: "Inner"
        Startup Cost: 12.93
        Total Cost: 46.82
        Plan Rows: 767
        Plan Width: 605
        Inner Unique: false
        Hash Cond: "(pi.product_id = pv.product_id)"
        Plans: 
          - Node Type: "Seq Scan"
            Parent Relationship: "Outer"
            Parallel Aware: false
            Async Capable: false
            Relation Name: "product_ingredients"
            Alias: "pi"
            Startup Cost: 0.00
            Total Cost: 21.80
            Plan Rows: 1180
            Plan Width: 41
          - Node Type: "Hash"
            Parent Relationship: "Inner"
            Parallel Aware: false
            Async Capable: false
            Startup Cost: 11.30
            Total Cost: 11.30
            Plan Rows: 130
            Plan Width: 564
            Plans: 
              - Node Type: "Seq Scan"
                Parent Relationship: "Outer"
                Parallel Aware: false
                Async Capable: false
                Relation Name: "product_variants"
                Alias: "pv"
                Startup Cost: 0.00
                Total Cost: 11.30
                Plan Rows: 130
                Plan Width: 564
      - Node Type: "Hash"
        Parent Relationship: "Inner"
        Parallel Aware: false
        Async Capable: false
        Startup Cost: 10.70
        Total Cost: 10.70
        Plan Rows: 70
        Plan Width: 1064
        Plans: 
          - Node Type: "Seq Scan"
            Parent Relationship: "Outer"
            Parallel Aware: false
            Async Capable: false
            Relation Name: "products"
            Alias: "p"
            Startup Cost: 0.00
            Total Cost: 10.70
            Plan Rows: 70
            Plan Width: 1064